# JRE version: OpenJDK Runtime Environment Zulu11.48+21-CA (11.0.11+9) (build 11.0.11+9-LTS)
# Java VM: OpenJDK 64-Bit Server VM Zulu11.48+21-CA (11.0.11+9-LTS, mixed mode, tiered, compressed oops, parallel gc, linux-amd64)
Heap:
 PSYoungGen      total 22528K, used 0K [0x00000000eab00000, 0x00000000ec480000, 0x0000000100000000)
  eden space 22016K, 0% used [0x00000000eab00000,0x00000000eab00000,0x00000000ec080000)
  from space 512K, 0% used [0x00000000ec080000,0x00000000ec080000,0x00000000ec100000)
  to   space 1536K, 0% used [0x00000000ec300000,0x00000000ec300000,0x00000000ec480000)
 ParOldGen       total 68608K, used 28151K [0x00000000c0000000, 0x00000000c4300000, 0x00000000eab00000)
  object space 68608K, 41% used [0x00000000c0000000,0x00000000c1b7dc58,0x00000000c4300000)
 Metaspace       used 33468K, capacity 35193K, committed 35584K, reserved 1081344K
  class space    used 3184K, capacity 3775K, committed 3840K, reserved 1048576K
GC Heap History (20 events):
Event: 3.130 GC heap before
{Heap before GC invocations=6 (full 1):
 PSYoungGen      total 29696K, used 27574K [0x00000000eab00000, 0x00000000ecc00000, 0x0000000100000000)
  eden space 25600K, 100% used [0x00000000eab00000,0x00000000ec400000,0x00000000ec400000)
  from space 4096K, 48% used [0x00000000ec800000,0x00000000ec9edb78,0x00000000ecc00000)
  to   space 4096K, 0% used [0x00000000ec400000,0x00000000ec400000,0x00000000ec800000)
 ParOldGen       total 68608K, used 7627K [0x00000000c0000000, 0x00000000c4300000, 0x00000000eab00000)
  object space 68608K, 11% used [0x00000000c0000000,0x00000000c0772d30,0x00000000c4300000)
 Metaspace       used 31108K, capacity 32707K, committed 33024K, reserved 1079296K
  class space    used 2990K, capacity 3565K, committed 3584K, reserved 1048576K
}
Event: 3.136 GC heap after
{Heap after GC invocations=6 (full 1):
 PSYoungGen      total 29184K, used 4086K [0x00000000eab00000, 0x00000000ecd80000, 0x0000000100000000)
  eden space 25088K, 0% used [0x00000000eab00000,0x00000000eab00000,0x00000000ec380000)
  from space 4096K, 99% used [0x00000000ec400000,0x00000000ec7fdbd8,0x00000000ec800000)
  to   space 5120K, 0% used [0x00000000ec880000,0x00000000ec880000,0x00000000ecd80000)
 ParOldGen       total 68608K, used 7939K [0x00000000c0000000, 0x00000000c4300000, 0x00000000eab00000)
  object space 68608K, 11% used [0x00000000c0000000,0x00000000c07c0d30,0x00000000c4300000)
 Metaspace       used 31108K, capacity 32707K, committed 33024K, reserved 1079296K
  class space    used 2990K, capacity 3565K, committed 3584K, reserved 1048576K
}
Event: 3.228 GC heap before
{Heap before GC invocations=7 (full 1):
 PSYoungGen      total 29184K, used 29174K [0x00000000eab00000, 0x00000000ecd80000, 0x0000000100000000)
  eden space 25088K, 100% used [0x00000000eab00000,0x00000000ec380000,0x00000000ec380000)
  from space 4096K, 99% used [0x00000000ec400000,0x00000000ec7fdbd8,0x00000000ec800000)
  to   space 5120K, 0% used [0x00000000ec880000,0x00000000ec880000,0x00000000ecd80000)
 ParOldGen       total 68608K, used 7939K [0x00000000c0000000, 0x00000000c4300000, 0x00000000eab00000)
  object space 68608K, 11% used [0x00000000c0000000,0x00000000c07c0d30,0x00000000c4300000)
 Metaspace       used 31261K, capacity 32862K, committed 33024K, reserved 1079296K
  class space    used 3004K, capacity 3574K, committed 3584K, reserved 1048576K
}
Event: 3.233 GC heap after
{Heap after GC invocations=7 (full 1):
 PSYoungGen      total 28160K, used 5099K [0x00000000eab00000, 0x00000000ed100000, 0x0000000100000000)
  eden space 23040K, 0% used [0x00000000eab00000,0x00000000eab00000,0x00000000ec180000)
  from space 5120K, 99% used [0x00000000ec880000,0x00000000ecd7af68,0x00000000ecd80000)
  to   space 7168K, 0% used [0x00000000ec180000,0x00000000ec180000,0x00000000ec880000)
 ParOldGen       total 68608K, used 9326K [0x00000000c0000000, 0x00000000c4300000, 0x00000000eab00000)
  object space 68608K, 13% used [0x00000000c0000000,0x00000000c091b980,0x00000000c4300000)
 Metaspace       used 31261K, capacity 32862K, committed 33024K, reserved 1079296K
  class space    used 3004K, capacity 3574K, committed 3584K, reserved 1048576K
}
Event: 3.284 GC heap before
{Heap before GC invocations=8 (full 1):
 PSYoungGen      total 28160K, used 28139K [0x00000000eab00000, 0x00000000ed100000, 0x0000000100000000)
  eden space 23040K, 100% used [0x00000000eab00000,0x00000000ec180000,0x00000000ec180000)
  from space 5120K, 99% used [0x00000000ec880000,0x00000000ecd7af68,0x00000000ecd80000)
  to   space 7168K, 0% used [0x00000000ec180000,0x00000000ec180000,0x00000000ec880000)
 ParOldGen       total 68608K, used 9326K [0x00000000c0000000, 0x00000000c4300000, 0x00000000eab00000)
  object space 68608K, 13% used [0x00000000c0000000,0x00000000c091b980,0x00000000c4300000)
 Metaspace       used 31312K, capacity 32926K, committed 33024K, reserved 1079296K
  class space    used 3008K, capacity 3574K, committed 3584K, reserved 1048576K
}
Event: 3.327 GC heap after
{Heap after GC invocations=8 (full 1):
 PSYoungGen      total 29696K, used 7147K [0x00000000eab00000, 0x00000000ed000000, 0x0000000100000000)
  eden space 22528K, 0% used [0x00000000eab00000,0x00000000eab00000,0x00000000ec100000)
  from space 7168K, 99% used [0x00000000ec180000,0x00000000ec87af88,0x00000000ec880000)
  to   space 7680K, 0% used [0x00000000ec880000,0x00000000ec880000,0x00000000ed000000)
 ParOldGen       total 68608K, used 9382K [0x00000000c0000000, 0x00000000c4300000, 0x00000000eab00000)
  object space 68608K, 13% used [0x00000000c0000000,0x00000000c0929980,0x00000000c4300000)
 Metaspace       used 31312K, capacity 32926K, committed 33024K, reserved 1079296K
  class space    used 3008K, capacity 3574K, committed 3584K, reserved 1048576K
}
Event: 3.375 GC heap before
{Heap before GC invocations=9 (full 1):
 PSYoungGen      total 29696K, used 29675K [0x00000000eab00000, 0x00000000ed000000, 0x0000000100000000)
  eden space 22528K, 100% used [0x00000000eab00000,0x00000000ec100000,0x00000000ec100000)
  from space 7168K, 99% used [0x00000000ec180000,0x00000000ec87af88,0x00000000ec880000)
  to   space 7680K, 0% used [0x00000000ec880000,0x00000000ec880000,0x00000000ed000000)
 ParOldGen       total 68608K, used 9382K [0x00000000c0000000, 0x00000000c4300000, 0x00000000eab00000)
  object space 68608K, 13% used [0x00000000c0000000,0x00000000c0929980,0x00000000c4300000)
 Metaspace       used 31405K, capacity 33054K, committed 33280K, reserved 1079296K
  class space    used 3012K, capacity 3574K, committed 3584K, reserved 1048576K
}
Event: 3.381 GC heap after
{Heap after GC invocations=9 (full 1):
 PSYoungGen      total 28160K, used 7664K [0x00000000eab00000, 0x00000000ed380000, 0x0000000100000000)
  eden space 20480K, 0% used [0x00000000eab00000,0x00000000eab00000,0x00000000ebf00000)
  from space 7680K, 99% used [0x00000000ec880000,0x00000000ecffc030,0x00000000ed000000)
  to   space 9728K, 0% used [0x00000000ebf00000,0x00000000ebf00000,0x00000000ec880000)
 ParOldGen       total 68608K, used 10854K [0x00000000c0000000, 0x00000000c4300000, 0x00000000eab00000)
  object space 68608K, 15% used [0x00000000c0000000,0x00000000c0a99878,0x00000000c4300000)
 Metaspace       used 31405K, capacity 33054K, committed 33280K, reserved 1079296K
  class space    used 3012K, capacity 3574K, committed 3584K, reserved 1048576K
}
Event: 3.442 GC heap before
{Heap before GC invocations=10 (full 1):
 PSYoungGen      total 28160K, used 28144K [0x00000000eab00000, 0x00000000ed380000, 0x0000000100000000)
  eden space 20480K, 100% used [0x00000000eab00000,0x00000000ebf00000,0x00000000ebf00000)
  from space 7680K, 99% used [0x00000000ec880000,0x00000000ecffc030,0x00000000ed000000)
  to   space 9728K, 0% used [0x00000000ebf00000,0x00000000ebf00000,0x00000000ec880000)
 ParOldGen       total 68608K, used 10854K [0x00000000c0000000, 0x00000000c4300000, 0x00000000eab00000)
  object space 68608K, 15% used [0x00000000c0000000,0x00000000c0a99878,0x00000000c4300000)
 Metaspace       used 31491K, capacity 33150K, committed 33408K, reserved 1079296K
  class space    used 3023K, capacity 3606K, committed 3712K, reserved 1048576K
}
Event: 3.449 GC heap after
{Heap after GC invocations=10 (full 1):
 PSYoungGen      total 27136K, used 6418K [0x00000000eab00000, 0x00000000ece00000, 0x0000000100000000)
  eden space 20480K, 0% used [0x00000000eab00000,0x00000000eab00000,0x00000000ebf00000)
  from space 6656K, 96% used [0x00000000ebf00000,0x00000000ec544b38,0x00000000ec580000)
  to   space 7680K, 0% used [0x00000000ec680000,0x00000000ec680000,0x00000000ece00000)
 ParOldGen       total 68608K, used 14627K [0x00000000c0000000, 0x00000000c4300000, 0x00000000eab00000)
  object space 68608K, 21% used [0x00000000c0000000,0x00000000c0e48f78,0x00000000c4300000)
 Metaspace       used 31491K, capacity 33150K, committed 33408K, reserved 1079296K
  class space    used 3023K, capacity 3606K, committed 3712K, reserved 1048576K
}
Event: 3.484 GC heap before
{Heap before GC invocations=11 (full 1):
 PSYoungGen      total 27136K, used 26898K [0x00000000eab00000, 0x00000000ece00000, 0x0000000100000000)
  eden space 20480K, 100% used [0x00000000eab00000,0x00000000ebf00000,0x00000000ebf00000)
  from space 6656K, 96% used [0x00000000ebf00000,0x00000000ec544b38,0x00000000ec580000)
  to   space 7680K, 0% used [0x00000000ec680000,0x00000000ec680000,0x00000000ece00000)
 ParOldGen       total 68608K, used 14627K [0x00000000c0000000, 0x00000000c4300000, 0x00000000eab00000)
  object space 68608K, 21% used [0x00000000c0000000,0x00000000c0e48f78,0x00000000c4300000)
 Metaspace       used 31491K, capacity 33150K, committed 33408K, reserved 1079296K
  class space    used 3023K, capacity 3606K, committed 3712K, reserved 1048576K
}
Event: 3.526 GC heap after
{Heap after GC invocations=11 (full 1):
 PSYoungGen      total 30208K, used 4640K [0x00000000eab00000, 0x00000000ed600000, 0x0000000100000000)
  eden space 22528K, 0% used [0x00000000eab00000,0x00000000eab00000,0x00000000ec100000)
  from space 7680K, 60% used [0x00000000ec680000,0x00000000ecb08020,0x00000000ece00000)
  to   space 5632K, 0% used [0x00000000ec100000,0x00000000ec100000,0x00000000ec680000)
 ParOldGen       total 68608K, used 18446K [0x00000000c0000000, 0x00000000c4300000, 0x00000000eab00000)
  object space 68608K, 26% used [0x00000000c0000000,0x00000000c1203a90,0x00000000c4300000)
 Metaspace       used 31491K, capacity 33150K, committed 33408K, reserved 1079296K
  class space    used 3023K, capacity 3606K, committed 3712K, reserved 1048576K
}
Event: 3.564 GC heap before
{Heap before GC invocations=12 (full 1):
 PSYoungGen      total 30208K, used 27168K [0x00000000eab00000, 0x00000000ed600000, 0x0000000100000000)
  eden space 22528K, 100% used [0x00000000eab00000,0x00000000ec100000,0x00000000ec100000)
  from space 7680K, 60% used [0x00000000ec680000,0x00000000ecb08020,0x00000000ece00000)
  to   space 5632K, 0% used [0x00000000ec100000,0x00000000ec100000,0x00000000ec680000)
 ParOldGen       total 68608K, used 18446K [0x00000000c0000000, 0x00000000c4300000, 0x00000000eab00000)
  object space 68608K, 26% used [0x00000000c0000000,0x00000000c1203a90,0x00000000c4300000)
 Metaspace       used 31494K, capacity 33150K, committed 33408K, reserved 1079296K
  class space    used 3023K, capacity 3606K, committed 3712K, reserved 1048576K
}
Event: 3.571 GC heap after
{Heap after GC invocations=12 (full 1):
 PSYoungGen      total 24576K, used 2400K [0x00000000eab00000, 0x00000000ec780000, 0x0000000100000000)
  eden space 22016K, 0% used [0x00000000eab00000,0x00000000eab00000,0x00000000ec080000)
  from space 2560K, 93% used [0x00000000ec100000,0x00000000ec358000,0x00000000ec380000)
  to   space 3584K, 0% used [0x00000000ec400000,0x00000000ec400000,0x00000000ec780000)
 ParOldGen       total 68608K, used 23040K [0x00000000c0000000, 0x00000000c4300000, 0x00000000eab00000)
  object space 68608K, 33% used [0x00000000c0000000,0x00000000c1680078,0x00000000c4300000)
 Metaspace       used 31494K, capacity 33150K, committed 33408K, reserved 1079296K
  class space    used 3023K, capacity 3606K, committed 3712K, reserved 1048576K
}
Event: 3.834 GC heap before
{Heap before GC invocations=13 (full 1):
 PSYoungGen      total 24576K, used 24387K [0x00000000eab00000, 0x00000000ec780000, 0x0000000100000000)
  eden space 22016K, 99% used [0x00000000eab00000,0x00000000ec078e30,0x00000000ec080000)
  from space 2560K, 93% used [0x00000000ec100000,0x00000000ec358000,0x00000000ec380000)
  to   space 3584K, 0% used [0x00000000ec400000,0x00000000ec400000,0x00000000ec780000)
 ParOldGen       total 68608K, used 23040K [0x00000000c0000000, 0x00000000c4300000, 0x00000000eab00000)
  object space 68608K, 33% used [0x00000000c0000000,0x00000000c1680078,0x00000000c4300000)
 Metaspace       used 32617K, capacity 34329K, committed 34432K, reserved 1079296K
  class space    used 3086K, capacity 3679K, committed 3712K, reserved 1048576K
}
Event: 3.838 GC heap after
{Heap after GC invocations=13 (full 1):
 PSYoungGen      total 25600K, used 3344K [0x00000000eab00000, 0x00000000ec780000, 0x0000000100000000)
  eden space 22016K, 0% used [0x00000000eab00000,0x00000000eab00000,0x00000000ec080000)
  from space 3584K, 93% used [0x00000000ec400000,0x00000000ec7443d8,0x00000000ec780000)
  to   space 3584K, 0% used [0x00000000ec080000,0x00000000ec080000,0x00000000ec400000)
 ParOldGen       total 68608K, used 25336K [0x00000000c0000000, 0x00000000c4300000, 0x00000000eab00000)
  object space 68608K, 36% used [0x00000000c0000000,0x00000000c18be078,0x00000000c4300000)
 Metaspace       used 32617K, capacity 34329K, committed 34432K, reserved 1079296K
  class space    used 3086K, capacity 3679K, committed 3712K, reserved 1048576K
}
Event: 3.880 GC heap before
{Heap before GC invocations=14 (full 1):
 PSYoungGen      total 25600K, used 5169K [0x00000000eab00000, 0x00000000ec780000, 0x0000000100000000)
  eden space 22016K, 8% used [0x00000000eab00000,0x00000000eacc8380,0x00000000ec080000)
  from space 3584K, 93% used [0x00000000ec400000,0x00000000ec7443d8,0x00000000ec780000)
  to   space 3584K, 0% used [0x00000000ec080000,0x00000000ec080000,0x00000000ec400000)
 ParOldGen       total 68608K, used 25336K [0x00000000c0000000, 0x00000000c4300000, 0x00000000eab00000)
  object space 68608K, 36% used [0x00000000c0000000,0x00000000c18be078,0x00000000c4300000)
 Metaspace       used 33456K, capacity 35129K, committed 35328K, reserved 1081344K
  class space    used 3184K, capacity 3775K, committed 3840K, reserved 1048576K
}
Event: 3.884 GC heap after
{Heap after GC invocations=14 (full 1):
 PSYoungGen      total 22528K, used 128K [0x00000000eab00000, 0x00000000ec480000, 0x0000000100000000)
  eden space 22016K, 0% used [0x00000000eab00000,0x00000000eab00000,0x00000000ec080000)
  from space 512K, 25% used [0x00000000ec080000,0x00000000ec0a0000,0x00000000ec100000)
  to   space 1536K, 0% used [0x00000000ec300000,0x00000000ec300000,0x00000000ec480000)
 ParOldGen       total 68608K, used 28547K [0x00000000c0000000, 0x00000000c4300000, 0x00000000eab00000)
  object space 68608K, 41% used [0x00000000c0000000,0x00000000c1be0db8,0x00000000c4300000)
 Metaspace       used 33456K, capacity 35129K, committed 35328K, reserved 1081344K
  class space    used 3184K, capacity 3775K, committed 3840K, reserved 1048576K
}
Event: 3.884 GC heap before
{Heap before GC invocations=15 (full 2):
 PSYoungGen      total 22528K, used 128K [0x00000000eab00000, 0x00000000ec480000, 0x0000000100000000)
  eden space 22016K, 0% used [0x00000000eab00000,0x00000000eab00000,0x00000000ec080000)
  from space 512K, 25% used [0x00000000ec080000,0x00000000ec0a0000,0x00000000ec100000)
  to   space 1536K, 0% used [0x00000000ec300000,0x00000000ec300000,0x00000000ec480000)
 ParOldGen       total 68608K, used 28547K [0x00000000c0000000, 0x00000000c4300000, 0x00000000eab00000)
  object space 68608K, 41% used [0x00000000c0000000,0x00000000c1be0db8,0x00000000c4300000)
 Metaspace       used 33456K, capacity 35129K, committed 35328K, reserved 1081344K
  class space    used 3184K, capacity 3775K, committed 3840K, reserved 1048576K
}
Event: 4.147 GC heap after
{Heap after GC invocations=15 (full 2):
 PSYoungGen      total 22528K, used 0K [0x00000000eab00000, 0x00000000ec480000, 0x0000000100000000)
  eden space 22016K, 0% used [0x00000000eab00000,0x00000000eab00000,0x00000000ec080000)
  from space 512K, 0% used [0x00000000ec080000,0x00000000ec080000,0x00000000ec100000)
  to   space 1536K, 0% used [0x00000000ec300000,0x00000000ec300000,0x00000000ec480000)
 ParOldGen       total 68608K, used 28151K [0x00000000c0000000, 0x00000000c4300000, 0x00000000eab00000)
  object space 68608K, 41% used [0x00000000c0000000,0x00000000c1b7dc58,0x00000000c4300000)
 Metaspace       used 33456K, capacity 35129K, committed 35328K, reserved 1081344K
  class space    used 3184K, capacity 3775K, committed 3840K, reserved 1048576K
}

